# JRE version: OpenJDK Runtime Environment (8.0_482-b08) (build 1.8.0_482-b08)
# Java VM: OpenJDK 64-Bit Server VM (25.482-b08 mixed mode windows-amd64 compressed oops)
Heap:
 PSYoungGen      total 523776K, used 240889K [0x0000000756180000, 0x0000000778c80000, 0x00000007c0000000)
  eden space 479232K, 50% used [0x0000000756180000,0x0000000764bfe580,0x0000000773580000)
  from space 44544K, 1% used [0x0000000773580000,0x0000000773640000,0x0000000776100000)
  to   space 34816K, 0% used [0x0000000776a80000,0x0000000776a80000,0x0000000778c80000)
 ParOldGen       total 177152K, used 78770K [0x0000000682400000, 0x000000068d100000, 0x0000000756180000)
  object space 177152K, 44% used [0x0000000682400000,0x00000006870eca98,0x000000068d100000)
 Metaspace       used 26503K, capacity 27126K, committed 27440K, reserved 1073152K
  class space    used 2846K, capacity 3056K, committed 3120K, reserved 1048576K
GC Heap History (10 events):
Event: 40.650 GC heap before
{Heap before GC invocations=16 (full 1):
 PSYoungGen      total 338944K, used 296896K [0x0000000756180000, 0x000000076d900000, 0x00000007c0000000)
  eden space 295424K, 100% used [0x0000000756180000,0x0000000768200000,0x0000000768200000)
  from space 43520K, 3% used [0x000000076ae00000,0x000000076af70000,0x000000076d880000)
  to   space 44544K, 0% used [0x0000000768200000,0x0000000768200000,0x000000076ad80000)
 ParOldGen       total 177152K, used 75714K [0x0000000682400000, 0x000000068d100000, 0x0000000756180000)
  object space 177152K, 42% used [0x0000000682400000,0x0000000686df0a88,0x000000068d100000)
 Metaspace       used 26417K, capacity 27030K, committed 27440K, reserved 1073152K
  class space    used 2833K, capacity 3024K, committed 3120K, reserved 1048576K
Event: 40.653 GC heap after
Heap after GC invocations=16 (full 1):
 PSYoungGen      total 339968K, used 736K [0x0000000756180000, 0x0000000774d80000, 0x00000007c0000000)
  eden space 295424K, 0% used [0x0000000756180000,0x0000000756180000,0x0000000768200000)
  from space 44544K, 1% used [0x0000000768200000,0x00000007682b8000,0x000000076ad80000)
  to   space 45568K, 0% used [0x0000000772100000,0x0000000772100000,0x0000000774d80000)
 ParOldGen       total 177152K, used 76666K [0x0000000682400000, 0x000000068d100000, 0x0000000756180000)
  object space 177152K, 43% used [0x0000000682400000,0x0000000686edea88,0x000000068d100000)
 Metaspace       used 26417K, capacity 27030K, committed 27440K, reserved 1073152K
  class space    used 2833K, capacity 3024K, committed 3120K, reserved 1048576K
}
Event: 41.885 GC heap before
{Heap before GC invocations=17 (full 1):
 PSYoungGen      total 339968K, used 296160K [0x0000000756180000, 0x0000000774d80000, 0x00000007c0000000)
  eden space 295424K, 100% used [0x0000000756180000,0x0000000768200000,0x0000000768200000)
  from space 44544K, 1% used [0x0000000768200000,0x00000007682b8000,0x000000076ad80000)
  to   space 45568K, 0% used [0x0000000772100000,0x0000000772100000,0x0000000774d80000)
 ParOldGen       total 177152K, used 76666K [0x0000000682400000, 0x000000068d100000, 0x0000000756180000)
  object space 177152K, 43% used [0x0000000682400000,0x0000000686edea88,0x000000068d100000)
 Metaspace       used 26461K, capacity 27094K, committed 27440K, reserved 1073152K
  class space    used 2838K, capacity 3024K, committed 3120K, reserved 1048576K
Event: 41.888 GC heap after
Heap after GC invocations=17 (full 1):
 PSYoungGen      total 436736K, used 768K [0x0000000756180000, 0x0000000774300000, 0x00000007c0000000)
  eden space 401920K, 0% used [0x0000000756180000,0x0000000756180000,0x000000076ea00000)
  from space 34816K, 2% used [0x0000000772100000,0x00000007721c0000,0x0000000774300000)
  to   space 45568K, 0% used [0x000000076ea00000,0x000000076ea00000,0x0000000771680000)
 ParOldGen       total 177152K, used 77234K [0x0000000682400000, 0x000000068d100000, 0x0000000756180000)
  object space 177152K, 43% used [0x0000000682400000,0x0000000686f6ca88,0x000000068d100000)
 Metaspace       used 26461K, capacity 27094K, committed 27440K, reserved 1073152K
  class space    used 2838K, capacity 3024K, committed 3120K, reserved 1048576K
}
Event: 45.103 GC heap before
{Heap before GC invocations=18 (full 1):
 PSYoungGen      total 436736K, used 402688K [0x0000000756180000, 0x0000000774300000, 0x00000007c0000000)
  eden space 401920K, 100% used [0x0000000756180000,0x000000076ea00000,0x000000076ea00000)
  from space 34816K, 2% used [0x0000000772100000,0x00000007721c0000,0x0000000774300000)
  to   space 45568K, 0% used [0x000000076ea00000,0x000000076ea00000,0x0000000771680000)
 ParOldGen       total 177152K, used 77234K [0x0000000682400000, 0x000000068d100000, 0x0000000756180000)
  object space 177152K, 43% used [0x0000000682400000,0x0000000686f6ca88,0x000000068d100000)
 Metaspace       used 26477K, capacity 27126K, committed 27440K, reserved 1073152K
  class space    used 2840K, capacity 3056K, committed 3120K, reserved 1048576K
Event: 45.107 GC heap after
Heap after GC invocations=18 (full 1):
 PSYoungGen      total 447488K, used 576K [0x0000000756180000, 0x0000000779700000, 0x00000007c0000000)
  eden space 401920K, 0% used [0x0000000756180000,0x0000000756180000,0x000000076ea00000)
  from space 45568K, 1% used [0x000000076ea00000,0x000000076ea90000,0x0000000771680000)
  to   space 45568K, 0% used [0x0000000776a80000,0x0000000776a80000,0x0000000779700000)
 ParOldGen       total 177152K, used 77834K [0x0000000682400000, 0x000000068d100000, 0x0000000756180000)
  object space 177152K, 43% used [0x0000000682400000,0x0000000687002a88,0x000000068d100000)
 Metaspace       used 26477K, capacity 27126K, committed 27440K, reserved 1073152K
  class space    used 2840K, capacity 3056K, committed 3120K, reserved 1048576K
}
Event: 46.841 GC heap before
{Heap before GC invocations=19 (full 1):
 PSYoungGen      total 447488K, used 402496K [0x0000000756180000, 0x0000000779700000, 0x00000007c0000000)
  eden space 401920K, 100% used [0x0000000756180000,0x000000076ea00000,0x000000076ea00000)
  from space 45568K, 1% used [0x000000076ea00000,0x000000076ea90000,0x0000000771680000)
  to   space 45568K, 0% used [0x0000000776a80000,0x0000000776a80000,0x0000000779700000)
 ParOldGen       total 177152K, used 77834K [0x0000000682400000, 0x000000068d100000, 0x0000000756180000)
  object space 177152K, 43% used [0x0000000682400000,0x0000000687002a88,0x000000068d100000)
 Metaspace       used 26480K, capacity 27126K, committed 27440K, reserved 1073152K
  class space    used 2840K, capacity 3056K, committed 3120K, reserved 1048576K
Event: 46.845 GC heap after
Heap after GC invocations=19 (full 1):
 PSYoungGen      total 514048K, used 624K [0x0000000756180000, 0x0000000778c80000, 0x00000007c0000000)
  eden space 479232K, 0% used [0x0000000756180000,0x0000000756180000,0x0000000773580000)
  from space 34816K, 1% used [0x0000000776a80000,0x0000000776b1c010,0x0000000778c80000)
  to   space 44544K, 0% used [0x0000000773580000,0x0000000773580000,0x0000000776100000)
 ParOldGen       total 177152K, used 78298K [0x0000000682400000, 0x000000068d100000, 0x0000000756180000)
  object space 177152K, 44% used [0x0000000682400000,0x0000000687076a88,0x000000068d100000)
 Metaspace       used 26480K, capacity 27126K, committed 27440K, reserved 1073152K
  class space    used 2840K, capacity 3056K, committed 3120K, reserved 1048576K
}
Event: 49.100 GC heap before
{Heap before GC invocations=20 (full 1):
 PSYoungGen      total 514048K, used 479856K [0x0000000756180000, 0x0000000778c80000, 0x00000007c0000000)
  eden space 479232K, 100% used [0x0000000756180000,0x0000000773580000,0x0000000773580000)
  from space 34816K, 1% used [0x0000000776a80000,0x0000000776b1c010,0x0000000778c80000)
  to   space 44544K, 0% used [0x0000000773580000,0x0000000773580000,0x0000000776100000)
 ParOldGen       total 177152K, used 78298K [0x0000000682400000, 0x000000068d100000, 0x0000000756180000)
  object space 177152K, 44% used [0x0000000682400000,0x0000000687076a88,0x000000068d100000)
 Metaspace       used 26484K, capacity 27126K, committed 27440K, reserved 1073152K
  class space    used 2841K, capacity 3056K, committed 3120K, reserved 1048576K
Event: 51.119 GC heap after
Heap after GC invocations=20 (full 1):
 PSYoungGen      total 523776K, used 768K [0x0000000756180000, 0x0000000778c80000, 0x00000007c0000000)
  eden space 479232K, 0% used [0x0000000756180000,0x0000000756180000,0x0000000773580000)
  from space 44544K, 1% used [0x0000000773580000,0x0000000773640000,0x0000000776100000)
  to   space 34816K, 0% used [0x0000000776a80000,0x0000000776a80000,0x0000000778c80000)
 ParOldGen       total 177152K, used 78770K [0x0000000682400000, 0x000000068d100000, 0x0000000756180000)
  object space 177152K, 44% used [0x0000000682400000,0x00000006870eca98,0x000000068d100000)
 Metaspace       used 26484K, capacity 27126K, committed 27440K, reserved 1073152K
  class space    used 2841K, capacity 3056K, committed 3120K, reserved 1048576K
}

