# JRE version: OpenJDK Runtime Environment (8.0_482-b08) (build 1.8.0_482-b08)
# Java VM: OpenJDK 64-Bit Server VM (25.482-b08 mixed mode windows-amd64 compressed oops)
Heap:
 PSYoungGen      total 1192448K, used 166919K [0x0000000756180000, 0x00000007a4e00000, 0x00000007c0000000)
  eden space 1165312K, 11% used [0x0000000756180000,0x000000075ea05db0,0x000000079d380000)
  from space 27136K, 99% used [0x000000079f880000,0x00000007a12fc160,0x00000007a1300000)
  to   space 37888K, 0% used [0x000000079d380000,0x000000079d380000,0x000000079f880000)
 ParOldGen       total 264704K, used 83229K [0x0000000682400000, 0x0000000692680000, 0x0000000756180000)
  object space 264704K, 31% used [0x0000000682400000,0x00000006875477e8,0x0000000692680000)
 Metaspace       used 36170K, capacity 37078K, committed 37296K, reserved 1083392K
  class space    used 3726K, capacity 4006K, committed 4016K, reserved 1048576K
GC Heap History (10 events):
Event: 111.508 GC heap before
{Heap before GC invocations=32 (full 1):
 PSYoungGen      total 1078784K, used 392808K [0x0000000756180000, 0x000000079a080000, 0x00000007c0000000)
  eden space 1065984K, 35% used [0x0000000756180000,0x000000076d4cb208,0x0000000797280000)
  from space 12800K, 98% used [0x0000000799400000,0x000000079a04f1b8,0x000000079a080000)
  to   space 22016K, 0% used [0x0000000797580000,0x0000000797580000,0x0000000798b00000)
 ParOldGen       total 171520K, used 89671K [0x0000000682400000, 0x000000068cb80000, 0x0000000756180000)
  object space 171520K, 52% used [0x0000000682400000,0x0000000687b91c58,0x000000068cb80000)
 Metaspace       used 34448K, capacity 35326K, committed 35496K, reserved 1081344K
  class space    used 3612K, capacity 3874K, committed 3888K, reserved 1048576K
Event: 111.592 GC heap after
Heap after GC invocations=32 (full 1):
 PSYoungGen      total 1091072K, used 22006K [0x0000000756180000, 0x00000007a1300000, 0x00000007c0000000)
  eden space 1069056K, 0% used [0x0000000756180000,0x0000000756180000,0x0000000797580000)
  from space 22016K, 99% used [0x0000000797580000,0x0000000798afd988,0x0000000798b00000)
  to   space 27136K, 0% used [0x000000079f880000,0x000000079f880000,0x00000007a1300000)
 ParOldGen       total 171520K, used 93982K [0x0000000682400000, 0x000000068cb80000, 0x0000000756180000)
  object space 171520K, 54% used [0x0000000682400000,0x0000000687fc7bb0,0x000000068cb80000)
 Metaspace       used 34448K, capacity 35326K, committed 35496K, reserved 1081344K
  class space    used 3612K, capacity 3874K, committed 3888K, reserved 1048576K
}
Event: 111.592 GC heap before
{Heap before GC invocations=33 (full 2):
 PSYoungGen      total 1091072K, used 22006K [0x0000000756180000, 0x00000007a1300000, 0x00000007c0000000)
  eden space 1069056K, 0% used [0x0000000756180000,0x0000000756180000,0x0000000797580000)
  from space 22016K, 99% used [0x0000000797580000,0x0000000798afd988,0x0000000798b00000)
  to   space 27136K, 0% used [0x000000079f880000,0x000000079f880000,0x00000007a1300000)
 ParOldGen       total 171520K, used 93982K [0x0000000682400000, 0x000000068cb80000, 0x0000000756180000)
  object space 171520K, 54% used [0x0000000682400000,0x0000000687fc7bb0,0x000000068cb80000)
 Metaspace       used 34448K, capacity 35326K, committed 35496K, reserved 1081344K
  class space    used 3612K, capacity 3874K, committed 3888K, reserved 1048576K
Event: 111.715 GC heap after
Heap after GC invocations=33 (full 2):
 PSYoungGen      total 1091072K, used 0K [0x0000000756180000, 0x00000007a1300000, 0x00000007c0000000)
  eden space 1069056K, 0% used [0x0000000756180000,0x0000000756180000,0x0000000797580000)
  from space 22016K, 0% used [0x0000000797580000,0x0000000797580000,0x0000000798b00000)
  to   space 27136K, 0% used [0x000000079f880000,0x000000079f880000,0x00000007a1300000)
 ParOldGen       total 264704K, used 53997K [0x0000000682400000, 0x0000000692680000, 0x0000000756180000)
  object space 264704K, 20% used [0x0000000682400000,0x00000006858bb718,0x0000000692680000)
 Metaspace       used 34448K, capacity 35326K, committed 35496K, reserved 1081344K
  class space    used 3612K, capacity 3874K, committed 3888K, reserved 1048576K
}
Event: 123.961 GC heap before
{Heap before GC invocations=34 (full 2):
 PSYoungGen      total 1091072K, used 1069056K [0x0000000756180000, 0x00000007a1300000, 0x00000007c0000000)
  eden space 1069056K, 100% used [0x0000000756180000,0x0000000797580000,0x0000000797580000)
  from space 22016K, 0% used [0x0000000797580000,0x0000000797580000,0x0000000798b00000)
  to   space 27136K, 0% used [0x000000079f880000,0x000000079f880000,0x00000007a1300000)
 ParOldGen       total 264704K, used 53997K [0x0000000682400000, 0x0000000692680000, 0x0000000756180000)
  object space 264704K, 20% used [0x0000000682400000,0x00000006858bb718,0x0000000692680000)
 Metaspace       used 36089K, capacity 36970K, committed 37296K, reserved 1083392K
  class space    used 3718K, capacity 3972K, committed 4016K, reserved 1048576K
Event: 123.999 GC heap after
Heap after GC invocations=34 (full 2):
 PSYoungGen      total 1192448K, used 27104K [0x0000000756180000, 0x00000007a4e00000, 0x00000007c0000000)
  eden space 1165312K, 0% used [0x0000000756180000,0x0000000756180000,0x000000079d380000)
  from space 27136K, 99% used [0x000000079f880000,0x00000007a12f8020,0x00000007a1300000)
  to   space 37888K, 0% used [0x000000079d380000,0x000000079d380000,0x000000079f880000)
 ParOldGen       total 264704K, used 70933K [0x0000000682400000, 0x0000000692680000, 0x0000000756180000)
  object space 264704K, 26% used [0x0000000682400000,0x00000006869457e0,0x0000000692680000)
 Metaspace       used 36089K, capacity 36970K, committed 37296K, reserved 1083392K
  class space    used 3718K, capacity 3972K, committed 4016K, reserved 1048576K
}
Event: 131.237 GC heap before
{Heap before GC invocations=35 (full 2):
 PSYoungGen      total 1192448K, used 1192416K [0x0000000756180000, 0x00000007a4e00000, 0x00000007c0000000)
  eden space 1165312K, 100% used [0x0000000756180000,0x000000079d380000,0x000000079d380000)
  from space 27136K, 99% used [0x000000079f880000,0x00000007a12f8020,0x00000007a1300000)
  to   space 37888K, 0% used [0x000000079d380000,0x000000079d380000,0x000000079f880000)
 ParOldGen       total 264704K, used 70933K [0x0000000682400000, 0x0000000692680000, 0x0000000756180000)
  object space 264704K, 26% used [0x0000000682400000,0x00000006869457e0,0x0000000692680000)
 Metaspace       used 36152K, capacity 37078K, committed 37296K, reserved 1083392K
  class space    used 3724K, capacity 4006K, committed 4016K, reserved 1048576K
Event: 133.307 GC heap after
Heap after GC invocations=35 (full 2):
 PSYoungGen      total 1203200K, used 35239K [0x0000000756180000, 0x00000007a4e00000, 0x00000007c0000000)
  eden space 1165312K, 0% used [0x0000000756180000,0x0000000756180000,0x000000079d380000)
  from space 37888K, 93% used [0x000000079d380000,0x000000079f5e9cf8,0x000000079f880000)
  to   space 27136K, 0% used [0x000000079f880000,0x000000079f880000,0x00000007a1300000)
 ParOldGen       total 264704K, used 70941K [0x0000000682400000, 0x0000000692680000, 0x0000000756180000)
  object space 264704K, 26% used [0x0000000682400000,0x00000006869477e0,0x0000000692680000)
 Metaspace       used 36152K, capacity 37078K, committed 37296K, reserved 1083392K
  class space    used 3724K, capacity 4006K, committed 4016K, reserved 1048576K
}
Event: 136.359 GC heap before
{Heap before GC invocations=36 (full 2):
 PSYoungGen      total 1203200K, used 1200551K [0x0000000756180000, 0x00000007a4e00000, 0x00000007c0000000)
  eden space 1165312K, 100% used [0x0000000756180000,0x000000079d380000,0x000000079d380000)
  from space 37888K, 93% used [0x000000079d380000,0x000000079f5e9cf8,0x000000079f880000)
  to   space 27136K, 0% used [0x000000079f880000,0x000000079f880000,0x00000007a1300000)
 ParOldGen       total 264704K, used 70941K [0x0000000682400000, 0x0000000692680000, 0x0000000756180000)
  object space 264704K, 26% used [0x0000000682400000,0x00000006869477e0,0x0000000692680000)
 Metaspace       used 36168K, capacity 37078K, committed 37296K, reserved 1083392K
  class space    used 3726K, capacity 4006K, committed 4016K, reserved 1048576K
Event: 138.400 GC heap after
Heap after GC invocations=36 (full 2):
 PSYoungGen      total 1192448K, used 27120K [0x0000000756180000, 0x00000007a4e00000, 0x00000007c0000000)
  eden space 1165312K, 0% used [0x0000000756180000,0x0000000756180000,0x000000079d380000)
  from space 27136K, 99% used [0x000000079f880000,0x00000007a12fc160,0x00000007a1300000)
  to   space 37888K, 0% used [0x000000079d380000,0x000000079d380000,0x000000079f880000)
 ParOldGen       total 264704K, used 83229K [0x0000000682400000, 0x0000000692680000, 0x0000000756180000)
  object space 264704K, 31% used [0x0000000682400000,0x00000006875477e8,0x0000000692680000)
 Metaspace       used 36168K, capacity 37078K, committed 37296K, reserved 1083392K
  class space    used 3726K, capacity 4006K, committed 4016K, reserved 1048576K
}

