# JRE version: OpenJDK Runtime Environment (8.0_482-b08) (build 1.8.0_482-b08)
# Java VM: OpenJDK 64-Bit Server VM (25.482-b08 mixed mode windows-amd64 compressed oops)
Heap:
 PSYoungGen      total 1248256K, used 286012K [0x0000000756180000, 0x00000007a5780000, 0x00000007c0000000)
  eden space 1196032K, 19% used [0x0000000756180000,0x0000000764b10078,0x000000079f180000)
  from space 52224K, 89% used [0x000000079f180000,0x00000007a1f3f150,0x00000007a2480000)
  to   space 45056K, 0% used [0x00000007a2480000,0x00000007a2480000,0x00000007a5080000)
 ParOldGen       total 274432K, used 61179K [0x0000000682400000, 0x0000000693000000, 0x0000000756180000)
  object space 274432K, 22% used [0x0000000682400000,0x0000000685fbeee8,0x0000000693000000)
 Metaspace       used 36167K, capacity 37078K, committed 37296K, reserved 1083392K
  class space    used 3729K, capacity 4006K, committed 4016K, reserved 1048576K
GC Heap History (10 events):
Event: 78.950 GC heap before
{Heap before GC invocations=33 (full 1):
 PSYoungGen      total 1006080K, used 441354K [0x0000000756180000, 0x000000079b580000, 0x00000007c0000000)
  eden space 977408K, 43% used [0x0000000756180000,0x000000076fdc08d0,0x0000000791c00000)
  from space 28672K, 66% used [0x0000000791c00000,0x0000000792ec2050,0x0000000793800000)
  to   space 30208K, 0% used [0x0000000799800000,0x0000000799800000,0x000000079b580000)
 ParOldGen       total 177152K, used 78929K [0x0000000682400000, 0x000000068d100000, 0x0000000756180000)
  object space 177152K, 44% used [0x0000000682400000,0x00000006871144f8,0x000000068d100000)
 Metaspace       used 34449K, capacity 35326K, committed 35496K, reserved 1081344K
  class space    used 3613K, capacity 3874K, committed 3888K, reserved 1048576K
Event: 79.014 GC heap after
Heap after GC invocations=33 (full 1):
 PSYoungGen      total 1098240K, used 30185K [0x0000000756180000, 0x000000079c000000, 0x00000007c0000000)
  eden space 1068032K, 0% used [0x0000000756180000,0x0000000756180000,0x0000000797480000)
  from space 30208K, 99% used [0x0000000799800000,0x000000079b57a660,0x000000079b580000)
  to   space 36352K, 0% used [0x0000000797480000,0x0000000797480000,0x0000000799800000)
 ParOldGen       total 177152K, used 82124K [0x0000000682400000, 0x000000068d100000, 0x0000000756180000)
  object space 177152K, 46% used [0x0000000682400000,0x0000000687433008,0x000000068d100000)
 Metaspace       used 34449K, capacity 35326K, committed 35496K, reserved 1081344K
  class space    used 3613K, capacity 3874K, committed 3888K, reserved 1048576K
}
Event: 79.014 GC heap before
{Heap before GC invocations=34 (full 2):
 PSYoungGen      total 1098240K, used 30185K [0x0000000756180000, 0x000000079c000000, 0x00000007c0000000)
  eden space 1068032K, 0% used [0x0000000756180000,0x0000000756180000,0x0000000797480000)
  from space 30208K, 99% used [0x0000000799800000,0x000000079b57a660,0x000000079b580000)
  to   space 36352K, 0% used [0x0000000797480000,0x0000000797480000,0x0000000799800000)
 ParOldGen       total 177152K, used 82124K [0x0000000682400000, 0x000000068d100000, 0x0000000756180000)
  object space 177152K, 46% used [0x0000000682400000,0x0000000687433008,0x000000068d100000)
 Metaspace       used 34449K, capacity 35326K, committed 35496K, reserved 1081344K
  class space    used 3613K, capacity 3874K, committed 3888K, reserved 1048576K
Event: 79.125 GC heap after
Heap after GC invocations=34 (full 2):
 PSYoungGen      total 1098240K, used 0K [0x0000000756180000, 0x000000079c000000, 0x00000007c0000000)
  eden space 1068032K, 0% used [0x0000000756180000,0x0000000756180000,0x0000000797480000)
  from space 30208K, 0% used [0x0000000799800000,0x0000000799800000,0x000000079b580000)
  to   space 36352K, 0% used [0x0000000797480000,0x0000000797480000,0x0000000799800000)
 ParOldGen       total 274432K, used 53526K [0x0000000682400000, 0x0000000693000000, 0x0000000756180000)
  object space 274432K, 19% used [0x0000000682400000,0x0000000685845870,0x0000000693000000)
 Metaspace       used 34449K, capacity 35326K, committed 35496K, reserved 1081344K
  class space    used 3613K, capacity 3874K, committed 3888K, reserved 1048576K
}
Event: 96.237 GC heap before
{Heap before GC invocations=35 (full 2):
 PSYoungGen      total 1098240K, used 1068032K [0x0000000756180000, 0x000000079c000000, 0x00000007c0000000)
  eden space 1068032K, 100% used [0x0000000756180000,0x0000000797480000,0x0000000797480000)
  from space 30208K, 0% used [0x0000000799800000,0x0000000799800000,0x000000079b580000)
  to   space 36352K, 0% used [0x0000000797480000,0x0000000797480000,0x0000000799800000)
 ParOldGen       total 274432K, used 53526K [0x0000000682400000, 0x0000000693000000, 0x0000000756180000)
  object space 274432K, 19% used [0x0000000682400000,0x0000000685845870,0x0000000693000000)
 Metaspace       used 36084K, capacity 37002K, committed 37296K, reserved 1083392K
  class space    used 3720K, capacity 4004K, committed 4016K, reserved 1048576K
Event: 96.451 GC heap after
Heap after GC invocations=35 (full 2):
 PSYoungGen      total 1104384K, used 36345K [0x0000000756180000, 0x00000007a5080000, 0x00000007c0000000)
  eden space 1068032K, 0% used [0x0000000756180000,0x0000000756180000,0x0000000797480000)
  from space 36352K, 99% used [0x0000000797480000,0x00000007997fe6e0,0x0000000799800000)
  to   space 45056K, 0% used [0x00000007a2480000,0x00000007a2480000,0x00000007a5080000)
 ParOldGen       total 274432K, used 61171K [0x0000000682400000, 0x0000000693000000, 0x0000000756180000)
  object space 274432K, 22% used [0x0000000682400000,0x0000000685fbcee8,0x0000000693000000)
 Metaspace       used 36084K, capacity 37002K, committed 37296K, reserved 1083392K
  class space    used 3720K, capacity 4004K, committed 4016K, reserved 1048576K
}
Event: 107.732 GC heap before
{Heap before GC invocations=36 (full 2):
 PSYoungGen      total 1104384K, used 1104377K [0x0000000756180000, 0x00000007a5080000, 0x00000007c0000000)
  eden space 1068032K, 100% used [0x0000000756180000,0x0000000797480000,0x0000000797480000)
  from space 36352K, 99% used [0x0000000797480000,0x00000007997fe6e0,0x0000000799800000)
  to   space 45056K, 0% used [0x00000007a2480000,0x00000007a2480000,0x00000007a5080000)
 ParOldGen       total 274432K, used 61171K [0x0000000682400000, 0x0000000693000000, 0x0000000756180000)
  object space 274432K, 22% used [0x0000000682400000,0x0000000685fbcee8,0x0000000693000000)
 Metaspace       used 36148K, capacity 37078K, committed 37296K, reserved 1083392K
  class space    used 3726K, capacity 4006K, committed 4016K, reserved 1048576K
Event: 107.787 GC heap after
Heap after GC invocations=36 (full 2):
 PSYoungGen      total 1241088K, used 43502K [0x0000000756180000, 0x00000007a5780000, 0x00000007c0000000)
  eden space 1196032K, 0% used [0x0000000756180000,0x0000000756180000,0x000000079f180000)
  from space 45056K, 96% used [0x00000007a2480000,0x00000007a4efb9c8,0x00000007a5080000)
  to   space 52224K, 0% used [0x000000079f180000,0x000000079f180000,0x00000007a2480000)
 ParOldGen       total 274432K, used 61171K [0x0000000682400000, 0x0000000693000000, 0x0000000756180000)
  object space 274432K, 22% used [0x0000000682400000,0x0000000685fbcee8,0x0000000693000000)
 Metaspace       used 36148K, capacity 37078K, committed 37296K, reserved 1083392K
  class space    used 3726K, capacity 4006K, committed 4016K, reserved 1048576K
}
Event: 115.196 GC heap before
{Heap before GC invocations=37 (full 2):
 PSYoungGen      total 1241088K, used 1239534K [0x0000000756180000, 0x00000007a5780000, 0x00000007c0000000)
  eden space 1196032K, 100% used [0x0000000756180000,0x000000079f180000,0x000000079f180000)
  from space 45056K, 96% used [0x00000007a2480000,0x00000007a4efb9c8,0x00000007a5080000)
  to   space 52224K, 0% used [0x000000079f180000,0x000000079f180000,0x00000007a2480000)
 ParOldGen       total 274432K, used 61171K [0x0000000682400000, 0x0000000693000000, 0x0000000756180000)
  object space 274432K, 22% used [0x0000000682400000,0x0000000685fbcee8,0x0000000693000000)
 Metaspace       used 36160K, capacity 37078K, committed 37296K, reserved 1083392K
  class space    used 3728K, capacity 4006K, committed 4016K, reserved 1048576K
Event: 116.434 GC heap after
Heap after GC invocations=37 (full 2):
 PSYoungGen      total 1248256K, used 46844K [0x0000000756180000, 0x00000007a5780000, 0x00000007c0000000)
  eden space 1196032K, 0% used [0x0000000756180000,0x0000000756180000,0x000000079f180000)
  from space 52224K, 89% used [0x000000079f180000,0x00000007a1f3f150,0x00000007a2480000)
  to   space 45056K, 0% used [0x00000007a2480000,0x00000007a2480000,0x00000007a5080000)
 ParOldGen       total 274432K, used 61179K [0x0000000682400000, 0x0000000693000000, 0x0000000756180000)
  object space 274432K, 22% used [0x0000000682400000,0x0000000685fbeee8,0x0000000693000000)
 Metaspace       used 36160K, capacity 37078K, committed 37296K, reserved 1083392K
  class space    used 3728K, capacity 4006K, committed 4016K, reserved 1048576K
}

