# JRE version: OpenJDK Runtime Environment (8.0_482-b08) (build 1.8.0_482-b08)
# Java VM: OpenJDK 64-Bit Server VM (25.482-b08 mixed mode windows-amd64 compressed oops)
Heap:
 PSYoungGen      total 803328K, used 321017K [0x0000000756180000, 0x000000078be00000, 0x00000007c0000000)
  eden space 774144K, 41% used [0x0000000756180000,0x0000000769afe690,0x0000000785580000)
  from space 29184K, 0% used [0x0000000785580000,0x0000000785580000,0x0000000787200000)
  to   space 35328K, 0% used [0x0000000789b80000,0x0000000789b80000,0x000000078be00000)
 ParOldGen       total 303104K, used 53883K [0x0000000682400000, 0x0000000694c00000, 0x0000000756180000)
  object space 303104K, 17% used [0x0000000682400000,0x000000068589ec98,0x0000000694c00000)
 Metaspace       used 34752K, capacity 35646K, committed 36008K, reserved 1081344K
  class space    used 3613K, capacity 3874K, committed 3888K, reserved 1048576K
GC Heap History (10 events):
Event: 47.762 GC heap before
{Heap before GC invocations=35 (full 1):
 PSYoungGen      total 728576K, used 715922K [0x0000000756180000, 0x0000000786780000, 0x00000007c0000000)
  eden space 700928K, 100% used [0x0000000756180000,0x0000000780e00000,0x0000000780e00000)
  from space 27648K, 54% used [0x0000000780e00000,0x0000000781ca4a70,0x0000000782900000)
  to   space 27648K, 0% used [0x0000000784c80000,0x0000000784c80000,0x0000000786780000)
 ParOldGen       total 182784K, used 76845K [0x0000000682400000, 0x000000068d680000, 0x0000000756180000)
  object space 182784K, 42% used [0x0000000682400000,0x0000000686f0b708,0x000000068d680000)
 Metaspace       used 28204K, capacity 28892K, committed 29232K, reserved 1075200K
  class space    used 3046K, capacity 3261K, committed 3376K, reserved 1048576K
Event: 47.774 GC heap after
Heap after GC invocations=35 (full 1):
 PSYoungGen      total 763904K, used 15040K [0x0000000756180000, 0x0000000786700000, 0x00000007c0000000)
  eden space 736768K, 0% used [0x0000000756180000,0x0000000756180000,0x0000000783100000)
  from space 27136K, 55% used [0x0000000784c80000,0x0000000785b30030,0x0000000786700000)
  to   space 27648K, 0% used [0x0000000783100000,0x0000000783100000,0x0000000784c00000)
 ParOldGen       total 182784K, used 77269K [0x0000000682400000, 0x000000068d680000, 0x0000000756180000)
  object space 182784K, 42% used [0x0000000682400000,0x0000000686f75708,0x000000068d680000)
 Metaspace       used 28204K, capacity 28892K, committed 29232K, reserved 1075200K
  class space    used 3046K, capacity 3261K, committed 3376K, reserved 1048576K
}
Event: 49.226 GC heap before
{Heap before GC invocations=36 (full 1):
 PSYoungGen      total 763904K, used 751808K [0x0000000756180000, 0x0000000786700000, 0x00000007c0000000)
  eden space 736768K, 100% used [0x0000000756180000,0x0000000783100000,0x0000000783100000)
  from space 27136K, 55% used [0x0000000784c80000,0x0000000785b30030,0x0000000786700000)
  to   space 27648K, 0% used [0x0000000783100000,0x0000000783100000,0x0000000784c00000)
 ParOldGen       total 182784K, used 77269K [0x0000000682400000, 0x000000068d680000, 0x0000000756180000)
  object space 182784K, 42% used [0x0000000682400000,0x0000000686f75708,0x000000068d680000)
 Metaspace       used 28207K, capacity 28892K, committed 29232K, reserved 1075200K
  class space    used 3047K, capacity 3261K, committed 3376K, reserved 1048576K
Event: 49.241 GC heap after
Heap after GC invocations=36 (full 1):
 PSYoungGen      total 764416K, used 16448K [0x0000000756180000, 0x0000000789100000, 0x00000007c0000000)
  eden space 736768K, 0% used [0x0000000756180000,0x0000000756180000,0x0000000783100000)
  from space 27648K, 59% used [0x0000000783100000,0x0000000784110030,0x0000000784c00000)
  to   space 28160K, 0% used [0x0000000787580000,0x0000000787580000,0x0000000789100000)
 ParOldGen       total 182784K, used 77605K [0x0000000682400000, 0x000000068d680000, 0x0000000756180000)
  object space 182784K, 42% used [0x0000000682400000,0x0000000686fc9718,0x000000068d680000)
 Metaspace       used 28207K, capacity 28892K, committed 29232K, reserved 1075200K
  class space    used 3047K, capacity 3261K, committed 3376K, reserved 1048576K
}
Event: 54.232 GC heap before
{Heap before GC invocations=37 (full 1):
 PSYoungGen      total 764416K, used 753216K [0x0000000756180000, 0x0000000789100000, 0x00000007c0000000)
  eden space 736768K, 100% used [0x0000000756180000,0x0000000783100000,0x0000000783100000)
  from space 27648K, 59% used [0x0000000783100000,0x0000000784110030,0x0000000784c00000)
  to   space 28160K, 0% used [0x0000000787580000,0x0000000787580000,0x0000000789100000)
 ParOldGen       total 182784K, used 77605K [0x0000000682400000, 0x000000068d680000, 0x0000000756180000)
  object space 182784K, 42% used [0x0000000682400000,0x0000000686fc9718,0x000000068d680000)
 Metaspace       used 28732K, capacity 29372K, committed 29744K, reserved 1075200K
  class space    used 3086K, capacity 3293K, committed 3376K, reserved 1048576K
Event: 54.248 GC heap after
Heap after GC invocations=37 (full 1):
 PSYoungGen      total 799744K, used 19144K [0x0000000756180000, 0x0000000788e80000, 0x00000007c0000000)
  eden space 774144K, 0% used [0x0000000756180000,0x0000000756180000,0x0000000785580000)
  from space 25600K, 74% used [0x0000000787580000,0x0000000788832050,0x0000000788e80000)
  to   space 29184K, 0% used [0x0000000785580000,0x0000000785580000,0x0000000787200000)
 ParOldGen       total 182784K, used 78077K [0x0000000682400000, 0x000000068d680000, 0x0000000756180000)
  object space 182784K, 42% used [0x0000000682400000,0x000000068703f718,0x000000068d680000)
 Metaspace       used 28732K, capacity 29372K, committed 29744K, reserved 1075200K
  class space    used 3086K, capacity 3293K, committed 3376K, reserved 1048576K
}
Event: 80.876 GC heap before
{Heap before GC invocations=38 (full 1):
 PSYoungGen      total 799744K, used 468233K [0x0000000756180000, 0x0000000788e80000, 0x00000007c0000000)
  eden space 774144K, 58% used [0x0000000756180000,0x0000000771810640,0x0000000785580000)
  from space 25600K, 74% used [0x0000000787580000,0x0000000788832050,0x0000000788e80000)
  to   space 29184K, 0% used [0x0000000785580000,0x0000000785580000,0x0000000787200000)
 ParOldGen       total 182784K, used 78077K [0x0000000682400000, 0x000000068d680000, 0x0000000756180000)
  object space 182784K, 42% used [0x0000000682400000,0x000000068703f718,0x000000068d680000)
 Metaspace       used 34455K, capacity 35326K, committed 35496K, reserved 1081344K
  class space    used 3611K, capacity 3874K, committed 3888K, reserved 1048576K
Event: 80.979 GC heap after
Heap after GC invocations=38 (full 1):
 PSYoungGen      total 803328K, used 29155K [0x0000000756180000, 0x000000078be00000, 0x00000007c0000000)
  eden space 774144K, 0% used [0x0000000756180000,0x0000000756180000,0x0000000785580000)
  from space 29184K, 99% used [0x0000000785580000,0x00000007871f8ff0,0x0000000787200000)
  to   space 35328K, 0% used [0x0000000789b80000,0x0000000789b80000,0x000000078be00000)
 ParOldGen       total 182784K, used 82266K [0x0000000682400000, 0x000000068d680000, 0x0000000756180000)
  object space 182784K, 45% used [0x0000000682400000,0x0000000687456a90,0x000000068d680000)
 Metaspace       used 34455K, capacity 35326K, committed 35496K, reserved 1081344K
  class space    used 3611K, capacity 3874K, committed 3888K, reserved 1048576K
}
Event: 80.979 GC heap before
{Heap before GC invocations=39 (full 2):
 PSYoungGen      total 803328K, used 29155K [0x0000000756180000, 0x000000078be00000, 0x00000007c0000000)
  eden space 774144K, 0% used [0x0000000756180000,0x0000000756180000,0x0000000785580000)
  from space 29184K, 99% used [0x0000000785580000,0x00000007871f8ff0,0x0000000787200000)
  to   space 35328K, 0% used [0x0000000789b80000,0x0000000789b80000,0x000000078be00000)
 ParOldGen       total 182784K, used 82266K [0x0000000682400000, 0x000000068d680000, 0x0000000756180000)
  object space 182784K, 45% used [0x0000000682400000,0x0000000687456a90,0x000000068d680000)
 Metaspace       used 34455K, capacity 35326K, committed 35496K, reserved 1081344K
  class space    used 3611K, capacity 3874K, committed 3888K, reserved 1048576K
Event: 81.382 GC heap after
Heap after GC invocations=39 (full 2):
 PSYoungGen      total 803328K, used 0K [0x0000000756180000, 0x000000078be00000, 0x00000007c0000000)
  eden space 774144K, 0% used [0x0000000756180000,0x0000000756180000,0x0000000785580000)
  from space 29184K, 0% used [0x0000000785580000,0x0000000785580000,0x0000000787200000)
  to   space 35328K, 0% used [0x0000000789b80000,0x0000000789b80000,0x000000078be00000)
 ParOldGen       total 303104K, used 53883K [0x0000000682400000, 0x0000000694c00000, 0x0000000756180000)
  object space 303104K, 17% used [0x0000000682400000,0x000000068589ec98,0x0000000694c00000)
 Metaspace       used 34455K, capacity 35326K, committed 35496K, reserved 1081344K
  class space    used 3611K, capacity 3874K, committed 3888K, reserved 1048576K
}

