# JRE version: OpenJDK Runtime Environment (8.0_482-b08) (build 1.8.0_482-b08)
# Java VM: OpenJDK 64-Bit Server VM (25.482-b08 mixed mode windows-amd64 compressed oops)
Heap:
 PSYoungGen      total 1288704K, used 301330K [0x0000000756180000, 0x00000007ab700000, 0x00000007c0000000)
  eden space 1229824K, 19% used [0x0000000756180000,0x0000000764e46358,0x00000007a1280000)
  from space 58880K, 99% used [0x00000007a5e00000,0x00000007a977e720,0x00000007a9780000)
  to   space 77312K, 0% used [0x00000007a1280000,0x00000007a1280000,0x00000007a5e00000)
 ParOldGen       total 246272K, used 81685K [0x0000000682400000, 0x0000000691480000, 0x0000000756180000)
  object space 246272K, 33% used [0x0000000682400000,0x00000006873c5618,0x0000000691480000)
 Metaspace       used 39821K, capacity 40786K, committed 40880K, reserved 1085440K
  class space    used 3974K, capacity 4272K, committed 4272K, reserved 1048576K
GC Heap History (10 events):
Event: 80.577 GC heap before
{Heap before GC invocations=36 (full 2):
 PSYoungGen      total 1024512K, used 29178K [0x0000000756180000, 0x0000000798e00000, 0x00000007c0000000)
  eden space 992256K, 0% used [0x0000000756180000,0x0000000756180000,0x0000000792a80000)
  from space 32256K, 90% used [0x0000000794e00000,0x0000000796a7eb80,0x0000000796d80000)
  to   space 36352K, 0% used [0x0000000792a80000,0x0000000792a80000,0x0000000794e00000)
 ParOldGen       total 173056K, used 83005K [0x0000000682400000, 0x000000068cd00000, 0x0000000756180000)
  object space 173056K, 47% used [0x0000000682400000,0x000000068750f6f0,0x000000068cd00000)
 Metaspace       used 34437K, capacity 35326K, committed 35496K, reserved 1081344K
  class space    used 3610K, capacity 3874K, committed 3888K, reserved 1048576K
Event: 80.868 GC heap after
Heap after GC invocations=36 (full 2):
 PSYoungGen      total 1024512K, used 0K [0x0000000756180000, 0x0000000798e00000, 0x00000007c0000000)
  eden space 992256K, 0% used [0x0000000756180000,0x0000000756180000,0x0000000792a80000)
  from space 32256K, 0% used [0x0000000794e00000,0x0000000794e00000,0x0000000796d80000)
  to   space 36352K, 0% used [0x0000000792a80000,0x0000000792a80000,0x0000000794e00000)
 ParOldGen       total 246272K, used 50431K [0x0000000682400000, 0x0000000691480000, 0x0000000756180000)
  object space 246272K, 20% used [0x0000000682400000,0x000000068553fc40,0x0000000691480000)
 Metaspace       used 34437K, capacity 35326K, committed 35496K, reserved 1081344K
  class space    used 3610K, capacity 3874K, committed 3888K, reserved 1048576K
}
Event: 98.018 GC heap before
{Heap before GC invocations=37 (full 2):
 PSYoungGen      total 1024512K, used 992256K [0x0000000756180000, 0x0000000798e00000, 0x00000007c0000000)
  eden space 992256K, 100% used [0x0000000756180000,0x0000000792a80000,0x0000000792a80000)
  from space 32256K, 0% used [0x0000000794e00000,0x0000000794e00000,0x0000000796d80000)
  to   space 36352K, 0% used [0x0000000792a80000,0x0000000792a80000,0x0000000794e00000)
 ParOldGen       total 246272K, used 50431K [0x0000000682400000, 0x0000000691480000, 0x0000000756180000)
  object space 246272K, 20% used [0x0000000682400000,0x000000068553fc40,0x0000000691480000)
 Metaspace       used 36033K, capacity 36970K, committed 37296K, reserved 1083392K
  class space    used 3707K, capacity 3972K, committed 4016K, reserved 1048576K
Event: 98.067 GC heap after
Heap after GC invocations=37 (full 2):
 PSYoungGen      total 1028608K, used 36320K [0x0000000756180000, 0x00000007a0280000, 0x00000007c0000000)
  eden space 992256K, 0% used [0x0000000756180000,0x0000000756180000,0x0000000792a80000)
  from space 36352K, 99% used [0x0000000792a80000,0x0000000794df8130,0x0000000794e00000)
  to   space 45056K, 0% used [0x000000079d680000,0x000000079d680000,0x00000007a0280000)
 ParOldGen       total 246272K, used 57669K [0x0000000682400000, 0x0000000691480000, 0x0000000756180000)
  object space 246272K, 23% used [0x0000000682400000,0x0000000685c51558,0x0000000691480000)
 Metaspace       used 36033K, capacity 36970K, committed 37296K, reserved 1083392K
  class space    used 3707K, capacity 3972K, committed 4016K, reserved 1048576K
}
Event: 105.779 GC heap before
{Heap before GC invocations=38 (full 2):
 PSYoungGen      total 1028608K, used 1028576K [0x0000000756180000, 0x00000007a0280000, 0x00000007c0000000)
  eden space 992256K, 100% used [0x0000000756180000,0x0000000792a80000,0x0000000792a80000)
  from space 36352K, 99% used [0x0000000792a80000,0x0000000794df8130,0x0000000794e00000)
  to   space 45056K, 0% used [0x000000079d680000,0x000000079d680000,0x00000007a0280000)
 ParOldGen       total 246272K, used 57669K [0x0000000682400000, 0x0000000691480000, 0x0000000756180000)
  object space 246272K, 23% used [0x0000000682400000,0x0000000685c51558,0x0000000691480000)
 Metaspace       used 36141K, capacity 37078K, committed 37296K, reserved 1083392K
  class space    used 3723K, capacity 4006K, committed 4016K, reserved 1048576K
Event: 105.825 GC heap after
Heap after GC invocations=38 (full 2):
 PSYoungGen      total 1161216K, used 43986K [0x0000000756180000, 0x00000007a0a80000, 0x00000007c0000000)
  eden space 1116160K, 0% used [0x0000000756180000,0x0000000756180000,0x000000079a380000)
  from space 45056K, 97% used [0x000000079d680000,0x00000007a0174a30,0x00000007a0280000)
  to   space 52224K, 0% used [0x000000079a380000,0x000000079a380000,0x000000079d680000)
 ParOldGen       total 246272K, used 57669K [0x0000000682400000, 0x0000000691480000, 0x0000000756180000)
  object space 246272K, 23% used [0x0000000682400000,0x0000000685c51558,0x0000000691480000)
 Metaspace       used 36141K, capacity 37078K, committed 37296K, reserved 1083392K
  class space    used 3723K, capacity 4006K, committed 4016K, reserved 1048576K
}
Event: 112.164 GC heap before
{Heap before GC invocations=39 (full 2):
 PSYoungGen      total 1161216K, used 1160146K [0x0000000756180000, 0x00000007a0a80000, 0x00000007c0000000)
  eden space 1116160K, 100% used [0x0000000756180000,0x000000079a380000,0x000000079a380000)
  from space 45056K, 97% used [0x000000079d680000,0x00000007a0174a30,0x00000007a0280000)
  to   space 52224K, 0% used [0x000000079a380000,0x000000079a380000,0x000000079d680000)
 ParOldGen       total 246272K, used 57669K [0x0000000682400000, 0x0000000691480000, 0x0000000756180000)
  object space 246272K, 23% used [0x0000000682400000,0x0000000685c51558,0x0000000691480000)
 Metaspace       used 36152K, capacity 37078K, committed 37296K, reserved 1083392K
  class space    used 3724K, capacity 4006K, committed 4016K, reserved 1048576K
Event: 113.161 GC heap after
Heap after GC invocations=39 (full 2):
 PSYoungGen      total 1168384K, used 46450K [0x0000000756180000, 0x00000007a9780000, 0x00000007c0000000)
  eden space 1116160K, 0% used [0x0000000756180000,0x0000000756180000,0x000000079a380000)
  from space 52224K, 88% used [0x000000079a380000,0x000000079d0dc838,0x000000079d680000)
  to   space 58880K, 0% used [0x00000007a5e00000,0x00000007a5e00000,0x00000007a9780000)
 ParOldGen       total 246272K, used 57677K [0x0000000682400000, 0x0000000691480000, 0x0000000756180000)
  object space 246272K, 23% used [0x0000000682400000,0x0000000685c53558,0x0000000691480000)
 Metaspace       used 36152K, capacity 37078K, committed 37296K, reserved 1083392K
  class space    used 3724K, capacity 4006K, committed 4016K, reserved 1048576K
}
Event: 124.380 GC heap before
{Heap before GC invocations=40 (full 2):
 PSYoungGen      total 1168384K, used 1162610K [0x0000000756180000, 0x00000007a9780000, 0x00000007c0000000)
  eden space 1116160K, 100% used [0x0000000756180000,0x000000079a380000,0x000000079a380000)
  from space 52224K, 88% used [0x000000079a380000,0x000000079d0dc838,0x000000079d680000)
  to   space 58880K, 0% used [0x00000007a5e00000,0x00000007a5e00000,0x00000007a9780000)
 ParOldGen       total 246272K, used 57677K [0x0000000682400000, 0x0000000691480000, 0x0000000756180000)
  object space 246272K, 23% used [0x0000000682400000,0x0000000685c53558,0x0000000691480000)
 Metaspace       used 39743K, capacity 40722K, committed 40880K, reserved 1085440K
  class space    used 3970K, capacity 4272K, committed 4272K, reserved 1048576K
Event: 124.449 GC heap after
Heap after GC invocations=40 (full 2):
 PSYoungGen      total 1288704K, used 58873K [0x0000000756180000, 0x00000007ab700000, 0x00000007c0000000)
  eden space 1229824K, 0% used [0x0000000756180000,0x0000000756180000,0x00000007a1280000)
  from space 58880K, 99% used [0x00000007a5e00000,0x00000007a977e720,0x00000007a9780000)
  to   space 77312K, 0% used [0x00000007a1280000,0x00000007a1280000,0x00000007a5e00000)
 ParOldGen       total 246272K, used 81685K [0x0000000682400000, 0x0000000691480000, 0x0000000756180000)
  object space 246272K, 33% used [0x0000000682400000,0x00000006873c5618,0x0000000691480000)
 Metaspace       used 39743K, capacity 40722K, committed 40880K, reserved 1085440K
  class space    used 3970K, capacity 4272K, committed 4272K, reserved 1048576K
}

