# JRE version: OpenJDK Runtime Environment (8.0_482-b08) (build 1.8.0_482-b08)
# Java VM: OpenJDK 64-Bit Server VM (25.482-b08 mixed mode windows-amd64 compressed oops)
Heap:
 PSYoungGen      total 1048064K, used 385285K [0x0000000756180000, 0x000000079c800000, 0x00000007c0000000)
  eden space 1014272K, 37% used [0x0000000756180000,0x000000076d9c16e0,0x0000000794000000)
  from space 33792K, 0% used [0x0000000796580000,0x0000000796580000,0x0000000798680000)
  to   space 38400K, 0% used [0x0000000794000000,0x0000000794000000,0x0000000796580000)
 ParOldGen       total 254976K, used 50800K [0x0000000682400000, 0x0000000691d00000, 0x0000000756180000)
  object space 254976K, 19% used [0x0000000682400000,0x000000068559c170,0x0000000691d00000)
 Metaspace       used 34751K, capacity 35646K, committed 36008K, reserved 1081344K
  class space    used 3615K, capacity 3874K, committed 3888K, reserved 1048576K
GC Heap History (10 events):
Event: 48.674 GC heap before
{Heap before GC invocations=28 (full 1):
 PSYoungGen      total 928256K, used 915184K [0x0000000756180000, 0x0000000790c80000, 0x00000007c0000000)
  eden space 903168K, 100% used [0x0000000756180000,0x000000078d380000,0x000000078d380000)
  from space 25088K, 47% used [0x000000078f400000,0x000000078ffbc040,0x0000000790c80000)
  to   space 29184K, 0% used [0x000000078d380000,0x000000078d380000,0x000000078f000000)
 ParOldGen       total 173056K, used 80295K [0x0000000682400000, 0x000000068cd00000, 0x0000000756180000)
  object space 173056K, 46% used [0x0000000682400000,0x0000000687269c80,0x000000068cd00000)
 Metaspace       used 28208K, capacity 28892K, committed 29232K, reserved 1075200K
  class space    used 3049K, capacity 3261K, committed 3376K, reserved 1048576K
Event: 48.695 GC heap after
Heap after GC invocations=28 (full 1):
 PSYoungGen      total 932352K, used 15416K [0x0000000756180000, 0x0000000794700000, 0x00000007c0000000)
  eden space 903168K, 0% used [0x0000000756180000,0x0000000756180000,0x000000078d380000)
  from space 29184K, 52% used [0x000000078d380000,0x000000078e28e360,0x000000078f000000)
  to   space 29184K, 0% used [0x0000000792a80000,0x0000000792a80000,0x0000000794700000)
 ParOldGen       total 173056K, used 80295K [0x0000000682400000, 0x000000068cd00000, 0x0000000756180000)
  object space 173056K, 46% used [0x0000000682400000,0x0000000687269c80,0x000000068cd00000)
 Metaspace       used 28208K, capacity 28892K, committed 29232K, reserved 1075200K
  class space    used 3049K, capacity 3261K, committed 3376K, reserved 1048576K
}
Event: 51.702 GC heap before
{Heap before GC invocations=29 (full 1):
 PSYoungGen      total 932352K, used 918584K [0x0000000756180000, 0x0000000794700000, 0x00000007c0000000)
  eden space 903168K, 100% used [0x0000000756180000,0x000000078d380000,0x000000078d380000)
  from space 29184K, 52% used [0x000000078d380000,0x000000078e28e360,0x000000078f000000)
  to   space 29184K, 0% used [0x0000000792a80000,0x0000000792a80000,0x0000000794700000)
 ParOldGen       total 173056K, used 80295K [0x0000000682400000, 0x000000068cd00000, 0x0000000756180000)
  object space 173056K, 46% used [0x0000000682400000,0x0000000687269c80,0x000000068cd00000)
 Metaspace       used 28211K, capacity 28892K, committed 29232K, reserved 1075200K
  class space    used 3049K, capacity 3261K, committed 3376K, reserved 1048576K
Event: 51.726 GC heap after
Heap after GC invocations=29 (full 1):
 PSYoungGen      total 991744K, used 16640K [0x0000000756180000, 0x0000000794a80000, 0x00000007c0000000)
  eden space 962560K, 0% used [0x0000000756180000,0x0000000756180000,0x0000000790d80000)
  from space 29184K, 57% used [0x0000000792a80000,0x0000000793ac0050,0x0000000794700000)
  to   space 29696K, 0% used [0x0000000790d80000,0x0000000790d80000,0x0000000792a80000)
 ParOldGen       total 173056K, used 80295K [0x0000000682400000, 0x000000068cd00000, 0x0000000756180000)
  object space 173056K, 46% used [0x0000000682400000,0x0000000687269c80,0x000000068cd00000)
 Metaspace       used 28211K, capacity 28892K, committed 29232K, reserved 1075200K
  class space    used 3049K, capacity 3261K, committed 3376K, reserved 1048576K
}
Event: 76.228 GC heap before
{Heap before GC invocations=30 (full 1):
 PSYoungGen      total 991744K, used 979200K [0x0000000756180000, 0x0000000794a80000, 0x00000007c0000000)
  eden space 962560K, 100% used [0x0000000756180000,0x0000000790d80000,0x0000000790d80000)
  from space 29184K, 57% used [0x0000000792a80000,0x0000000793ac0050,0x0000000794700000)
  to   space 29696K, 0% used [0x0000000790d80000,0x0000000790d80000,0x0000000792a80000)
 ParOldGen       total 173056K, used 80295K [0x0000000682400000, 0x000000068cd00000, 0x0000000756180000)
  object space 173056K, 46% used [0x0000000682400000,0x0000000687269c80,0x000000068cd00000)
 Metaspace       used 30191K, capacity 31006K, committed 31152K, reserved 1077248K
  class space    used 3224K, capacity 3480K, committed 3504K, reserved 1048576K
Event: 76.266 GC heap after
Heap after GC invocations=30 (full 1):
 PSYoungGen      total 992256K, used 28467K [0x0000000756180000, 0x0000000798680000, 0x00000007c0000000)
  eden space 962560K, 0% used [0x0000000756180000,0x0000000756180000,0x0000000790d80000)
  from space 29696K, 95% used [0x0000000790d80000,0x000000079294ced0,0x0000000792a80000)
  to   space 33792K, 0% used [0x0000000796580000,0x0000000796580000,0x0000000798680000)
 ParOldGen       total 173056K, used 80303K [0x0000000682400000, 0x000000068cd00000, 0x0000000756180000)
  object space 173056K, 46% used [0x0000000682400000,0x000000068726bc80,0x000000068cd00000)
 Metaspace       used 30191K, capacity 31006K, committed 31152K, reserved 1077248K
  class space    used 3224K, capacity 3480K, committed 3504K, reserved 1048576K
}
Event: 78.856 GC heap before
{Heap before GC invocations=31 (full 1):
 PSYoungGen      total 992256K, used 221076K [0x0000000756180000, 0x0000000798680000, 0x00000007c0000000)
  eden space 962560K, 20% used [0x0000000756180000,0x0000000761d982d8,0x0000000790d80000)
  from space 29696K, 95% used [0x0000000790d80000,0x000000079294ced0,0x0000000792a80000)
  to   space 33792K, 0% used [0x0000000796580000,0x0000000796580000,0x0000000798680000)
 ParOldGen       total 173056K, used 80303K [0x0000000682400000, 0x000000068cd00000, 0x0000000756180000)
  object space 173056K, 46% used [0x0000000682400000,0x000000068726bc80,0x000000068cd00000)
 Metaspace       used 34446K, capacity 35326K, committed 35496K, reserved 1081344K
  class space    used 3614K, capacity 3874K, committed 3888K, reserved 1048576K
Event: 78.995 GC heap after
Heap after GC invocations=31 (full 1):
 PSYoungGen      total 1048064K, used 30950K [0x0000000756180000, 0x000000079c800000, 0x00000007c0000000)
  eden space 1014272K, 0% used [0x0000000756180000,0x0000000756180000,0x0000000794000000)
  from space 33792K, 91% used [0x0000000796580000,0x00000007983b9b28,0x0000000798680000)
  to   space 38400K, 0% used [0x0000000794000000,0x0000000794000000,0x0000000796580000)
 ParOldGen       total 173056K, used 80311K [0x0000000682400000, 0x000000068cd00000, 0x0000000756180000)
  object space 173056K, 46% used [0x0000000682400000,0x000000068726dc80,0x000000068cd00000)
 Metaspace       used 34446K, capacity 35326K, committed 35496K, reserved 1081344K
  class space    used 3614K, capacity 3874K, committed 3888K, reserved 1048576K
}
Event: 78.995 GC heap before
{Heap before GC invocations=32 (full 2):
 PSYoungGen      total 1048064K, used 30950K [0x0000000756180000, 0x000000079c800000, 0x00000007c0000000)
  eden space 1014272K, 0% used [0x0000000756180000,0x0000000756180000,0x0000000794000000)
  from space 33792K, 91% used [0x0000000796580000,0x00000007983b9b28,0x0000000798680000)
  to   space 38400K, 0% used [0x0000000794000000,0x0000000794000000,0x0000000796580000)
 ParOldGen       total 173056K, used 80311K [0x0000000682400000, 0x000000068cd00000, 0x0000000756180000)
  object space 173056K, 46% used [0x0000000682400000,0x000000068726dc80,0x000000068cd00000)
 Metaspace       used 34446K, capacity 35326K, committed 35496K, reserved 1081344K
  class space    used 3614K, capacity 3874K, committed 3888K, reserved 1048576K
Event: 79.262 GC heap after
Heap after GC invocations=32 (full 2):
 PSYoungGen      total 1048064K, used 0K [0x0000000756180000, 0x000000079c800000, 0x00000007c0000000)
  eden space 1014272K, 0% used [0x0000000756180000,0x0000000756180000,0x0000000794000000)
  from space 33792K, 0% used [0x0000000796580000,0x0000000796580000,0x0000000798680000)
  to   space 38400K, 0% used [0x0000000794000000,0x0000000794000000,0x0000000796580000)
 ParOldGen       total 254976K, used 50800K [0x0000000682400000, 0x0000000691d00000, 0x0000000756180000)
  object space 254976K, 19% used [0x0000000682400000,0x000000068559c170,0x0000000691d00000)
 Metaspace       used 34446K, capacity 35326K, committed 35496K, reserved 1081344K
  class space    used 3614K, capacity 3874K, committed 3888K, reserved 1048576K
}

